<?xml version="1.0" encoding="UTF-8"?>
<!-- Generated by org.testng.reporters.JUnitXMLReporter -->
<testsuite ignored="0" hostname="LAPTOP-EFM8U59U" failures="4" tests="9" name="Test" time="66.126" errors="0" timestamp="2021-09-14T19:25:57 IST">
  <testcase classname="com.orangehrm.testcases.LoginPageTest" name="verifyLogo" time="0.156"/>
  <testcase classname="com.orangehrm.testcases.LoginPageTest" name="loginTest" time="3.673"/>
  <testcase classname="com.orangehrm.testcases.TC_Add_Nationality" name="Add_N" time="9.53"/>
  <testcase classname="com.orangehrm.testcases.HomePageTest" name="adminTabTest" time="7.967"/>
  <testcase classname="com.orangehrm.testcases.DataDrivenTest" name="loginTest1" time="4.137"/>
  <testcase classname="com.orangehrm.testcases.DataDrivenTest" name="loginTest1" time="1.01">
    <failure type="java.lang.AssertionError" message="Both the url&amp;apos;s did not match, so test failed expected [http://localhost/orangehrm/symfony/web/index.php/dashboard] but found [http://localhost/orangehrm/symfony/web/index.php/auth/validateCredentials]">
      <![CDATA[java.lang.AssertionError: Both the url's did not match, so test failed expected [http://localhost/orangehrm/symfony/web/index.php/dashboard] but found [http://localhost/orangehrm/symfony/web/index.php/auth/validateCredentials]
at com.orangehrm.testcases.DataDrivenTest.loginTest1(DataDrivenTest.java:21)
at java.base/java.util.ArrayList.forEach(ArrayList.java:1511)
... Removed 32 stack frames]]>
    </failure>
  </testcase> <!-- loginTest1 -->
  <testcase classname="com.orangehrm.testcases.DataDrivenTest" name="loginTest1" time="1.704">
    <failure type="java.lang.AssertionError" message="Both the url&amp;apos;s did not match, so test failed expected [http://localhost/orangehrm/symfony/web/index.php/dashboard] but found [http://localhost/orangehrm/symfony/web/index.php/auth/validateCredentials]">
      <![CDATA[java.lang.AssertionError: Both the url's did not match, so test failed expected [http://localhost/orangehrm/symfony/web/index.php/dashboard] but found [http://localhost/orangehrm/symfony/web/index.php/auth/validateCredentials]
at com.orangehrm.testcases.DataDrivenTest.loginTest1(DataDrivenTest.java:21)
at java.base/java.util.ArrayList.forEach(ArrayList.java:1511)
... Removed 32 stack frames]]>
    </failure>
  </testcase> <!-- loginTest1 -->
  <testcase classname="com.orangehrm.testcases.DataDrivenTest" name="loginTest1" time="1.238">
    <failure type="java.lang.AssertionError" message="Both the url&amp;apos;s did not match, so test failed expected [http://localhost/orangehrm/symfony/web/index.php/dashboard] but found [http://localhost/orangehrm/symfony/web/index.php/auth/validateCredentials]">
      <![CDATA[java.lang.AssertionError: Both the url's did not match, so test failed expected [http://localhost/orangehrm/symfony/web/index.php/dashboard] but found [http://localhost/orangehrm/symfony/web/index.php/auth/validateCredentials]
at com.orangehrm.testcases.DataDrivenTest.loginTest1(DataDrivenTest.java:21)
at java.base/java.util.ArrayList.forEach(ArrayList.java:1511)
... Removed 32 stack frames]]>
    </failure>
  </testcase> <!-- loginTest1 -->
  <testcase classname="com.orangehrm.testcases.DataDrivenTest" name="loginTest1" time="0.406">
    <failure type="java.lang.AssertionError" message="Both the url&amp;apos;s did not match, so test failed expected [http://localhost/orangehrm/symfony/web/index.php/dashboard] but found [http://localhost/orangehrm/symfony/web/index.php/auth/login]">
      <![CDATA[java.lang.AssertionError: Both the url's did not match, so test failed expected [http://localhost/orangehrm/symfony/web/index.php/dashboard] but found [http://localhost/orangehrm/symfony/web/index.php/auth/login]
at com.orangehrm.testcases.DataDrivenTest.loginTest1(DataDrivenTest.java:21)
at java.base/java.util.ArrayList.forEach(ArrayList.java:1511)
... Removed 32 stack frames]]>
    </failure>
  </testcase> <!-- loginTest1 -->
</testsuite> <!-- Test -->
