<?xml version="1.0" encoding="UTF-8"?>
<!-- Generated by org.testng.reporters.JUnitXMLReporter -->
<testsuite ignored="0" hostname="LAPTOP-EFM8U59U" failures="4" tests="9" name="Test" time="104.174" errors="0" timestamp="23 Sep 2021 01:54:31 GMT">
  <testcase classname="com.orangehrm.testcases.nationality.NT01_Add_Nationality" name="Add_N" time="10.543"/>
  <testcase classname="com.orangehrm.testcases.nationality.NT02_Delete_Nationality" name="Delete1_Nationality" time="13.082"/>
  <testcase classname="com.orangehrm.testcases.nationality.NT04_Parallel_execution" name="Login_test" time="1.847">
    <failure type="org.openqa.selenium.SessionNotCreatedException" message="session not created: This version of ChromeDriver only supports Chrome version 92
Current browser version is 94.0.4606.54 with binary path C:\Program Files (x86)\Google\Chrome\Application\chrome.exe
Build info: version: &amp;apos;3.141.59&amp;apos;, revision: &amp;apos;e82be7d358&amp;apos;, time: &amp;apos;2018-11-14T08:17:03&amp;apos;
System info: host: &amp;apos;LAPTOP-EFM8U59U&amp;apos;, ip: &amp;apos;192.168.0.101&amp;apos;, os.name: &amp;apos;Windows 10&amp;apos;, os.arch: &amp;apos;amd64&amp;apos;, os.version: &amp;apos;10.0&amp;apos;, java.version: &amp;apos;16.0.2&amp;apos;
Driver info: driver.version: ChromeDriver
remote stacktrace: Backtrace:
	Ordinal0 [0x01002A33+2501171]
	Ordinal0 [0x00F9D1C1+2085313]
	Ordinal0 [0x00EA1FA8+1056680]
	Ordinal0 [0x00EC020A+1180170]
	Ordinal0 [0x00EBC125+1163557]
	Ordinal0 [0x00EB997F+1153407]
	Ordinal0 [0x00EE999F+1350047]
	Ordinal0 [0x00EE960A+1349130]
	Ordinal0 [0x00EE551B+1332507]
	Ordinal0 [0x00EC1D74+1187188]
	Ordinal0 [0x00EC2BD9+1190873]
	GetHandleVerifier [0x0117EFE6+1504438]
	GetHandleVerifier [0x0122DDA5+2220661]
	GetHandleVerifier [0x01085589+481881]
	GetHandleVerifier [0x01084639+477961]
	Ordinal0 [0x00FA28BD+2107581]
	Ordinal0 [0x00FA6728+2123560]
	Ordinal0 [0x00FA6862+2123874]
	Ordinal0 [0x00FAFA81+2161281]
	BaseThreadInitThunk [0x76D2FA29+25]
	RtlGetAppContainerNamedObjectPath [0x77D87A9E+286]
	RtlGetAppContainerNamedObjectPath [0x77D87A6E+238]
">
      <![CDATA[org.openqa.selenium.SessionNotCreatedException: session not created: This version of ChromeDriver only supports Chrome version 92
Current browser version is 94.0.4606.54 with binary path C:\Program Files (x86)\Google\Chrome\Application\chrome.exe
Build info: version: '3.141.59', revision: 'e82be7d358', time: '2018-11-14T08:17:03'
System info: host: 'LAPTOP-EFM8U59U', ip: '192.168.0.101', os.name: 'Windows 10', os.arch: 'amd64', os.version: '10.0', java.version: '16.0.2'
Driver info: driver.version: ChromeDriver
remote stacktrace: Backtrace:
Ordinal0 [0x01002A33+2501171]
Ordinal0 [0x00F9D1C1+2085313]
Ordinal0 [0x00EA1FA8+1056680]
Ordinal0 [0x00EC020A+1180170]
Ordinal0 [0x00EBC125+1163557]
Ordinal0 [0x00EB997F+1153407]
Ordinal0 [0x00EE999F+1350047]
Ordinal0 [0x00EE960A+1349130]
Ordinal0 [0x00EE551B+1332507]
Ordinal0 [0x00EC1D74+1187188]
Ordinal0 [0x00EC2BD9+1190873]
GetHandleVerifier [0x0117EFE6+1504438]
GetHandleVerifier [0x0122DDA5+2220661]
GetHandleVerifier [0x01085589+481881]
GetHandleVerifier [0x01084639+477961]
Ordinal0 [0x00FA28BD+2107581]
Ordinal0 [0x00FA6728+2123560]
Ordinal0 [0x00FA6862+2123874]
Ordinal0 [0x00FAFA81+2161281]
BaseThreadInitThunk [0x76D2FA29+25]
RtlGetAppContainerNamedObjectPath [0x77D87A9E+286]
RtlGetAppContainerNamedObjectPath [0x77D87A6E+238]

at org.openqa.selenium.remote.W3CHandshakeResponse.lambda$errorHandler$0(W3CHandshakeResponse.java:62)
at org.openqa.selenium.remote.HandshakeResponse.lambda$getResponseFunction$0(HandshakeResponse.java:30)
at org.openqa.selenium.remote.ProtocolHandshake.lambda$createSession$0(ProtocolHandshake.java:126)
at java.base/java.util.stream.ReferencePipeline$3$1.accept(ReferencePipeline.java:197)
at java.base/java.util.Spliterators$ArraySpliterator.tryAdvance(Spliterators.java:958)
at java.base/java.util.stream.ReferencePipeline.forEachWithCancel(ReferencePipeline.java:129)
at java.base/java.util.stream.AbstractPipeline.copyIntoWithCancel(AbstractPipeline.java:502)
at java.base/java.util.stream.AbstractPipeline.copyInto(AbstractPipeline.java:488)
at java.base/java.util.stream.AbstractPipeline.wrapAndCopyInto(AbstractPipeline.java:474)
at java.base/java.util.stream.FindOps$FindOp.evaluateSequential(FindOps.java:150)
at java.base/java.util.stream.AbstractPipeline.evaluate(AbstractPipeline.java:234)
at java.base/java.util.stream.ReferencePipeline.findFirst(ReferencePipeline.java:647)
at org.openqa.selenium.remote.ProtocolHandshake.createSession(ProtocolHandshake.java:128)
at org.openqa.selenium.remote.ProtocolHandshake.createSession(ProtocolHandshake.java:74)
at org.openqa.selenium.remote.HttpCommandExecutor.execute(HttpCommandExecutor.java:136)
at org.openqa.selenium.remote.service.DriverCommandExecutor.execute(DriverCommandExecutor.java:83)
at org.openqa.selenium.remote.RemoteWebDriver.execute(RemoteWebDriver.java:552)
at org.openqa.selenium.remote.RemoteWebDriver.startSession(RemoteWebDriver.java:213)
at org.openqa.selenium.remote.RemoteWebDriver.<init>(RemoteWebDriver.java:131)
at org.openqa.selenium.chrome.ChromeDriver.<init>(ChromeDriver.java:181)
at org.openqa.selenium.chrome.ChromeDriver.<init>(ChromeDriver.java:168)
at org.openqa.selenium.chrome.ChromeDriver.<init>(ChromeDriver.java:123)
at com.orangehrm.testcases.nationality.NT04_Parallel_execution.Login_test(NT04_Parallel_execution.java:21)
... Removed 31 stack frames]]>
    </failure>
  </testcase> <!-- Login_test -->
  <testcase classname="com.orangehrm.testcases.nationality.NT03_MutliAddNationality" name="NationalityTest" time="0.015">
    <failure type="java.lang.IllegalArgumentException" message="Keys to send should be a not null CharSequence">
      <![CDATA[java.lang.IllegalArgumentException: Keys to send should be a not null CharSequence
at org.openqa.selenium.remote.RemoteWebElement.sendKeys(RemoteWebElement.java:97)
at com.orangehrm.testcases.nationality.NT03_MutliAddNationality.NationalityTest(NT03_MutliAddNationality.java:23)
... Removed 26 stack frames]]>
    </failure>
  </testcase> <!-- NationalityTest -->
  <testcase classname="com.orangehrm.testcases.nationality.NT03_MutliAddNationality" name="NationalityTest" time="10.319"/>
  <testcase classname="com.orangehrm.testcases.nationality.NT03_MutliAddNationality" name="NationalityTest" time="9.994"/>
  <testcase classname="com.orangehrm.testcases.nationality.NT03_MutliAddNationality" name="NationalityTest" time="9.919"/>
  <testcase classname="com.orangehrm.testcases.nationality.NT03_MutliAddNationality" name="NationalityTest" time="1.071">
    <failure type="java.lang.AssertionError" message="Both the url&amp;apos;s did not match, so test failed expected [http://localhost/orangehrm/symfony/web/index.php/dashboard] but found [http://localhost/orangehrm/symfony/web/index.php/auth/validateCredentials]">
      <![CDATA[java.lang.AssertionError: Both the url's did not match, so test failed expected [http://localhost/orangehrm/symfony/web/index.php/dashboard] but found [http://localhost/orangehrm/symfony/web/index.php/auth/validateCredentials]
at com.orangehrm.testcases.nationality.NT03_MutliAddNationality.NationalityTest(NT03_MutliAddNationality.java:28)
... Removed 31 stack frames]]>
    </failure>
  </testcase> <!-- NationalityTest -->
  <testcase classname="com.orangehrm.testcases.nationality.NT03_MutliAddNationality" name="NationalityTest" time="1.898">
    <failure type="java.lang.AssertionError" message="Both the url&amp;apos;s did not match, so test failed expected [http://localhost/orangehrm/symfony/web/index.php/dashboard] but found [http://localhost/orangehrm/symfony/web/index.php/auth/validateCredentials]">
      <![CDATA[java.lang.AssertionError: Both the url's did not match, so test failed expected [http://localhost/orangehrm/symfony/web/index.php/dashboard] but found [http://localhost/orangehrm/symfony/web/index.php/auth/validateCredentials]
at com.orangehrm.testcases.nationality.NT03_MutliAddNationality.NationalityTest(NT03_MutliAddNationality.java:28)
... Removed 31 stack frames]]>
    </failure>
  </testcase> <!-- NationalityTest -->
</testsuite> <!-- Test -->
