<!DOCTYPE html PUBLIC "-//W3C//DTD XHTML 1.1//EN" "http://www.w3.org/TR/xhtml11/DTD/xhtml11.dtd">
<html xmlns="http://www.w3.org/1999/xhtml">
<head>
<meta http-equiv="content-type" content="text/html; charset=UTF-8"/>
<title>TestNG Report</title>
<style type="text/css">table {margin-bottom:10px;border-collapse:collapse;empty-cells:show}th,td {border:1px solid #009;padding:.25em .5em}th {vertical-align:bottom}td {vertical-align:top}table a {font-weight:bold}.stripe td {background-color: #E6EBF9}.num {text-align:right}.passedodd td {background-color: #3F3}.passedeven td {background-color: #0A0}.skippedodd td {background-color: #DDD}.skippedeven td {background-color: #CCC}.failedodd td,.attn {background-color: #F33}.failedeven td,.stripe .attn {background-color: #D00}.stacktrace {white-space:pre;font-family:monospace}.totop {font-size:85%;text-align:center;border-bottom:2px solid #000}.invisible {display:none}</style>
</head>
<body>
<table>
<tr><th>Test</th><th># Passed</th><th># Skipped</th><th># Failed</th><th>Time (ms)</th><th>Included Groups</th><th>Excluded Groups</th></tr>
<tr><th colspan="7">Suite2</th></tr>
<tr><td><a href="#t0">Test</a></td><td class="num">4</td><td class="num">0</td><td class="num attn">6</td><td class="num">81,136</td><td></td><td></td></tr>
<tr><th colspan="7">Suite3</th></tr>
<tr class="stripe"><td><a href="#t1">Test</a></td><td class="num">2</td><td class="num">0</td><td class="num attn">3</td><td class="num">72,494</td><td></td><td></td></tr>
<tr><th>Total</th><th class="num">6</th><th class="num">0</th><th class="num attn">9</th><th class="num">153,630</th><th colspan="2"></th></tr>
</table>
<table id='summary'><thead><tr><th>Class</th><th>Method</th><th>Start</th><th>Time (ms)</th></tr></thead><tbody><tr><th colspan="4">Suite2</th></tr></tbody><tbody id="t0"><tr><th colspan="4">Test &#8212; failed</th></tr><tr class="failedeven"><td rowspan="6">com.orangehrm.testcases.login.LT01_LoginPageTest</td><td><a href="#m0">loginTest</a></td><td rowspan="6">1632313808447</td><td rowspan="6">387</td></tr><tr class="failedeven"><td><a href="#m1">loginTest</a></td></tr><tr class="failedeven"><td><a href="#m2">loginTest</a></td></tr><tr class="failedeven"><td><a href="#m3">loginTest</a></td></tr><tr class="failedeven"><td><a href="#m4">loginTest</a></td></tr><tr class="failedeven"><td><a href="#m5">loginTest</a></td></tr><tr><th colspan="4">Test &#8212; passed</th></tr><tr class="passedeven"><td rowspan="3">com.orangehrm.testcases.login.LT01_LoginPageTest</td><td><a href="#m6">loginTest</a></td><td rowspan="1">1632313777045</td><td rowspan="1">3527</td></tr><tr class="passedeven"><td><a href="#m7">loginURLTest</a></td><td rowspan="1">1632313763147</td><td rowspan="1">3691</td></tr><tr class="passedeven"><td><a href="#m8">verifyLogo</a></td><td rowspan="1">1632313757126</td><td rowspan="1">194</td></tr><tr class="passedodd"><td rowspan="1">com.orangehrm.testcases.login.LT10_HomePageTest</td><td><a href="#m9">adminTabTest</a></td><td rowspan="1">1632313824020</td><td rowspan="1">8476</td></tr></tbody>
<tbody><tr><th colspan="4">Suite3</th></tr></tbody><tbody id="t1"><tr><th colspan="4">Test &#8212; failed</th></tr><tr class="failedeven"><td rowspan="3">com.orangehrm.testcases.mailConfiguration.MT02_ConfigDetailsValidation</td><td><a href="#m10">Add_Configurations</a></td><td rowspan="3">1632313897709</td><td rowspan="3">7467</td></tr><tr class="failedeven"><td><a href="#m11">Add_Configurations</a></td></tr><tr class="failedeven"><td><a href="#m12">Add_Configurations</a></td></tr><tr><th colspan="4">Test &#8212; passed</th></tr><tr class="passedeven"><td rowspan="1">com.orangehrm.testcases.mailConfiguration.MT01_MatchURL</td><td><a href="#m13">MatchConfigModuleURL</a></td><td rowspan="1">1632313837887</td><td rowspan="1">11435</td></tr><tr class="passedodd"><td rowspan="1">com.orangehrm.testcases.mailConfiguration.MT05_Reset_Config_Settings</td><td><a href="#m14">ResetConfigSettings</a></td><td rowspan="1">1632313855882</td><td rowspan="1">10931</td></tr></tbody>
</table>
<h2>Test</h2><h3 id="m0">com.orangehrm.testcases.login.LT01_LoginPageTest#loginTest</h3><table class="result"><tr class="param"><th>Parameter #1</th><th>Parameter #2</th></tr><tr class="param stripe"><td>Admin</td><td></td></tr><tr><th colspan="2">Exception</th></tr><tr><td colspan="2"><div class="stacktrace">java.lang.AssertionError: Both the url&apos;s did not match, so test failed expected [http://localhost/orangehrm/symfony/web/index.php/dashboard] but found [http://localhost/orangehrm/symfony/web/index.php/auth/login]
	at com.orangehrm.testcases.login.LT01_LoginPageTest.loginTest(LT01_LoginPageTest.java:44)
... Removed 34 stack frames</div></td></tr></table><p class="totop"><a href="#summary">back to summary</a></p>
<h3 id="m1">com.orangehrm.testcases.login.LT01_LoginPageTest#loginTest</h3><table class="result"><tr class="param"><th>Parameter #1</th><th>Parameter #2</th></tr><tr class="param stripe"><td></td><td>N!dhi@12#</td></tr><tr><th colspan="2">Exception</th></tr><tr><td colspan="2"><div class="stacktrace">java.lang.AssertionError: Both the url&apos;s did not match, so test failed expected [http://localhost/orangehrm/symfony/web/index.php/dashboard] but found [http://localhost/orangehrm/symfony/web/index.php/auth/login]
	at com.orangehrm.testcases.login.LT01_LoginPageTest.loginTest(LT01_LoginPageTest.java:44)
... Removed 34 stack frames</div></td></tr></table><p class="totop"><a href="#summary">back to summary</a></p>
<h3 id="m2">com.orangehrm.testcases.login.LT01_LoginPageTest#loginTest</h3><table class="result"><tr class="param"><th>Parameter #1</th><th>Parameter #2</th></tr><tr class="param stripe"><td>Admin12</td><td>N!dhi@123</td></tr><tr><th colspan="2">Exception</th></tr><tr><td colspan="2"><div class="stacktrace">java.lang.AssertionError: Both the url&apos;s did not match, so test failed expected [http://localhost/orangehrm/symfony/web/index.php/dashboard] but found [http://localhost/orangehrm/symfony/web/index.php/auth/validateCredentials]
	at com.orangehrm.testcases.login.LT01_LoginPageTest.loginTest(LT01_LoginPageTest.java:44)
... Removed 34 stack frames</div></td></tr></table><p class="totop"><a href="#summary">back to summary</a></p>
<h3 id="m3">com.orangehrm.testcases.login.LT01_LoginPageTest#loginTest</h3><table class="result"><tr class="param"><th>Parameter #1</th><th>Parameter #2</th></tr><tr class="param stripe"><td>null</td><td>null</td></tr><tr><th colspan="2">Exception</th></tr><tr><td colspan="2"><div class="stacktrace">java.lang.IllegalArgumentException: Keys to send should be a not null CharSequence
	at org.openqa.selenium.remote.RemoteWebElement.sendKeys(RemoteWebElement.java:97)
	at com.orangehrm.testcases.login.LT01_LoginPageTest.loginTest(LT01_LoginPageTest.java:39)
... Removed 29 stack frames</div></td></tr></table><p class="totop"><a href="#summary">back to summary</a></p>
<h3 id="m4">com.orangehrm.testcases.login.LT01_LoginPageTest#loginTest</h3><table class="result"><tr class="param"><th>Parameter #1</th><th>Parameter #2</th></tr><tr class="param stripe"><td>Admin</td><td>N!dhi@12</td></tr><tr><th colspan="2">Exception</th></tr><tr><td colspan="2"><div class="stacktrace">java.lang.AssertionError: Both the url&apos;s did not match, so test failed expected [http://localhost/orangehrm/symfony/web/index.php/dashboard] but found [http://localhost/orangehrm/symfony/web/index.php/auth/validateCredentials]
	at com.orangehrm.testcases.login.LT01_LoginPageTest.loginTest(LT01_LoginPageTest.java:44)
... Removed 34 stack frames</div></td></tr></table><p class="totop"><a href="#summary">back to summary</a></p>
<h3 id="m5">com.orangehrm.testcases.login.LT01_LoginPageTest#loginTest</h3><table class="result"><tr class="param"><th>Parameter #1</th><th>Parameter #2</th></tr><tr class="param stripe"><td>Admin1</td><td>N!dhi@12#</td></tr><tr><th colspan="2">Exception</th></tr><tr><td colspan="2"><div class="stacktrace">java.lang.AssertionError: Both the url&apos;s did not match, so test failed expected [http://localhost/orangehrm/symfony/web/index.php/dashboard] but found [http://localhost/orangehrm/symfony/web/index.php/auth/validateCredentials]
	at com.orangehrm.testcases.login.LT01_LoginPageTest.loginTest(LT01_LoginPageTest.java:44)
... Removed 34 stack frames</div></td></tr></table><p class="totop"><a href="#summary">back to summary</a></p>
<h3 id="m6">com.orangehrm.testcases.login.LT01_LoginPageTest#loginTest</h3><table class="result"><tr class="param"><th>Parameter #1</th><th>Parameter #2</th></tr><tr class="param stripe"><td>Admin</td><td>N!dhi@12#</td></tr></table><p class="totop"><a href="#summary">back to summary</a></p>
<h3 id="m7">com.orangehrm.testcases.login.LT01_LoginPageTest#loginURLTest</h3><table class="result"><tr><th class="invisible"/></tr></table><p class="totop"><a href="#summary">back to summary</a></p>
<h3 id="m8">com.orangehrm.testcases.login.LT01_LoginPageTest#verifyLogo</h3><table class="result"><tr><th class="invisible"/></tr></table><p class="totop"><a href="#summary">back to summary</a></p>
<h3 id="m9">com.orangehrm.testcases.login.LT10_HomePageTest#adminTabTest</h3><table class="result"><tr><th class="invisible"/></tr></table><p class="totop"><a href="#summary">back to summary</a></p>
<h2>Test</h2><h3 id="m10">com.orangehrm.testcases.mailConfiguration.MT02_ConfigDetailsValidation#Add_Configurations</h3><table class="result"><tr class="param"><th>Parameter #1</th></tr><tr class="param stripe"><td></td></tr><tr><th>Exception</th></tr><tr><td><div class="stacktrace">java.lang.AssertionError: Required is required in given format  expected [true] but found [false]
	at com.orangehrm.testcases.mailConfiguration.MT02_ConfigDetailsValidation.Add_Configurations(MT02_ConfigDetailsValidation.java:44)
... Removed 34 stack frames</div></td></tr></table><p class="totop"><a href="#summary">back to summary</a></p>
<h3 id="m11">com.orangehrm.testcases.mailConfiguration.MT02_ConfigDetailsValidation#Add_Configurations</h3><table class="result"><tr class="param"><th>Parameter #1</th></tr><tr class="param stripe"><td>patninidhi98@gmail</td></tr><tr><th>Exception</th></tr><tr><td><div class="stacktrace">java.lang.AssertionError: Required is required in given format  expected [true] but found [false]
	at com.orangehrm.testcases.mailConfiguration.MT02_ConfigDetailsValidation.Add_Configurations(MT02_ConfigDetailsValidation.java:44)
... Removed 34 stack frames</div></td></tr></table><p class="totop"><a href="#summary">back to summary</a></p>
<h3 id="m12">com.orangehrm.testcases.mailConfiguration.MT02_ConfigDetailsValidation#Add_Configurations</h3><table class="result"><tr class="param"><th>Parameter #1</th></tr><tr class="param stripe"><td>patninidhi98@gmail.com</td></tr><tr><th>Exception</th></tr><tr><td><div class="stacktrace">java.lang.AssertionError: Required is required in given format  expected [true] but found [false]
	at com.orangehrm.testcases.mailConfiguration.MT02_ConfigDetailsValidation.Add_Configurations(MT02_ConfigDetailsValidation.java:44)
... Removed 34 stack frames</div></td></tr></table><p class="totop"><a href="#summary">back to summary</a></p>
<h3 id="m13">com.orangehrm.testcases.mailConfiguration.MT01_MatchURL#MatchConfigModuleURL</h3><table class="result"><tr><th class="invisible"/></tr></table><p class="totop"><a href="#summary">back to summary</a></p>
<h3 id="m14">com.orangehrm.testcases.mailConfiguration.MT05_Reset_Config_Settings#ResetConfigSettings</h3><table class="result"><tr><th class="invisible"/></tr></table><p class="totop"><a href="#summary">back to summary</a></p>
</body>
</html>
