<?xml version="1.0" encoding="UTF-8"?>
<!-- Generated by org.testng.reporters.JUnitXMLReporter -->
<testsuite ignored="0" hostname="LAPTOP-EFM8U59U" failures="6" tests="10" name="Test" time="81.136" errors="0" timestamp="22 Sep 2021 12:30:32 GMT">
  <testcase classname="com.orangehrm.testcases.login.LT01_LoginPageTest" name="verifyLogo" time="0.194"/>
  <testcase classname="com.orangehrm.testcases.login.LT01_LoginPageTest" name="loginURLTest" time="3.691"/>
  <testcase classname="com.orangehrm.testcases.login.LT01_LoginPageTest" name="loginTest" time="0.028">
    <failure type="java.lang.IllegalArgumentException" message="Keys to send should be a not null CharSequence">
      <![CDATA[java.lang.IllegalArgumentException: Keys to send should be a not null CharSequence
at org.openqa.selenium.remote.RemoteWebElement.sendKeys(RemoteWebElement.java:97)
at com.orangehrm.testcases.login.LT01_LoginPageTest.loginTest(LT01_LoginPageTest.java:39)
... Removed 29 stack frames]]>
    </failure>
  </testcase> <!-- loginTest -->
  <testcase classname="com.orangehrm.testcases.login.LT01_LoginPageTest" name="loginTest" time="3.527"/>
  <testcase classname="com.orangehrm.testcases.login.LT01_LoginPageTest" name="loginTest" time="1.302">
    <failure type="java.lang.AssertionError" message="Both the url&amp;apos;s did not match, so test failed expected [http://localhost/orangehrm/symfony/web/index.php/dashboard] but found [http://localhost/orangehrm/symfony/web/index.php/auth/validateCredentials]">
      <![CDATA[java.lang.AssertionError: Both the url's did not match, so test failed expected [http://localhost/orangehrm/symfony/web/index.php/dashboard] but found [http://localhost/orangehrm/symfony/web/index.php/auth/validateCredentials]
at com.orangehrm.testcases.login.LT01_LoginPageTest.loginTest(LT01_LoginPageTest.java:44)
... Removed 34 stack frames]]>
    </failure>
  </testcase> <!-- loginTest -->
  <testcase classname="com.orangehrm.testcases.login.LT01_LoginPageTest" name="loginTest" time="1.798">
    <failure type="java.lang.AssertionError" message="Both the url&amp;apos;s did not match, so test failed expected [http://localhost/orangehrm/symfony/web/index.php/dashboard] but found [http://localhost/orangehrm/symfony/web/index.php/auth/validateCredentials]">
      <![CDATA[java.lang.AssertionError: Both the url's did not match, so test failed expected [http://localhost/orangehrm/symfony/web/index.php/dashboard] but found [http://localhost/orangehrm/symfony/web/index.php/auth/validateCredentials]
at com.orangehrm.testcases.login.LT01_LoginPageTest.loginTest(LT01_LoginPageTest.java:44)
... Removed 34 stack frames]]>
    </failure>
  </testcase> <!-- loginTest -->
  <testcase classname="com.orangehrm.testcases.login.LT01_LoginPageTest" name="loginTest" time="1.2">
    <failure type="java.lang.AssertionError" message="Both the url&amp;apos;s did not match, so test failed expected [http://localhost/orangehrm/symfony/web/index.php/dashboard] but found [http://localhost/orangehrm/symfony/web/index.php/auth/validateCredentials]">
      <![CDATA[java.lang.AssertionError: Both the url's did not match, so test failed expected [http://localhost/orangehrm/symfony/web/index.php/dashboard] but found [http://localhost/orangehrm/symfony/web/index.php/auth/validateCredentials]
at com.orangehrm.testcases.login.LT01_LoginPageTest.loginTest(LT01_LoginPageTest.java:44)
... Removed 34 stack frames]]>
    </failure>
  </testcase> <!-- loginTest -->
  <testcase classname="com.orangehrm.testcases.login.LT01_LoginPageTest" name="loginTest" time="0.387">
    <failure type="java.lang.AssertionError" message="Both the url&amp;apos;s did not match, so test failed expected [http://localhost/orangehrm/symfony/web/index.php/dashboard] but found [http://localhost/orangehrm/symfony/web/index.php/auth/login]">
      <![CDATA[java.lang.AssertionError: Both the url's did not match, so test failed expected [http://localhost/orangehrm/symfony/web/index.php/dashboard] but found [http://localhost/orangehrm/symfony/web/index.php/auth/login]
at com.orangehrm.testcases.login.LT01_LoginPageTest.loginTest(LT01_LoginPageTest.java:44)
... Removed 34 stack frames]]>
    </failure>
  </testcase> <!-- loginTest -->
  <testcase classname="com.orangehrm.testcases.login.LT01_LoginPageTest" name="loginTest" time="0.408">
    <failure type="java.lang.AssertionError" message="Both the url&amp;apos;s did not match, so test failed expected [http://localhost/orangehrm/symfony/web/index.php/dashboard] but found [http://localhost/orangehrm/symfony/web/index.php/auth/login]">
      <![CDATA[java.lang.AssertionError: Both the url's did not match, so test failed expected [http://localhost/orangehrm/symfony/web/index.php/dashboard] but found [http://localhost/orangehrm/symfony/web/index.php/auth/login]
at com.orangehrm.testcases.login.LT01_LoginPageTest.loginTest(LT01_LoginPageTest.java:44)
... Removed 34 stack frames]]>
    </failure>
  </testcase> <!-- loginTest -->
  <testcase classname="com.orangehrm.testcases.login.LT10_HomePageTest" name="adminTabTest" time="8.476"/>
</testsuite> <!-- Test -->
