<?xml version="1.0" encoding="UTF-8"?>
<!-- Generated by org.testng.reporters.JUnitXMLReporter -->
<testsuite ignored="0" hostname="LAPTOP-EFM8U59U" failures="6" tests="10" name="Test" time="88.402" errors="0" timestamp="23 Sep 2021 07:45:07 GMT">
  <testcase classname="com.orangehrm.testcases.login.LT01_LoginPageTest" name="verifyLogo" time="0.118"/>
  <testcase classname="com.orangehrm.testcases.login.LT01_LoginPageTest" name="loginURLTest" time="3.228"/>
  <testcase classname="com.orangehrm.testcases.login.LT01_LoginPageTest" name="loginTest" time="0.026">
    <failure type="java.lang.IllegalArgumentException" message="Keys to send should be a not null CharSequence">
      <![CDATA[java.lang.IllegalArgumentException: Keys to send should be a not null CharSequence
at org.openqa.selenium.remote.RemoteWebElement.sendKeys(RemoteWebElement.java:97)
at com.orangehrm.testcases.login.LT01_LoginPageTest.loginTest(LT01_LoginPageTest.java:44)
... Removed 26 stack frames]]>
    </failure>
  </testcase> <!-- loginTest -->
  <testcase classname="com.orangehrm.testcases.login.LT01_LoginPageTest" name="loginTest" time="5.208"/>
  <testcase classname="com.orangehrm.testcases.login.LT01_LoginPageTest" name="loginTest" time="1.193">
    <failure type="java.lang.AssertionError" message="Both the url&amp;apos;s did not match, so test failed expected [http://localhost/orangehrm/symfony/web/index.php/dashboard] but found [http://localhost/orangehrm/symfony/web/index.php/auth/validateCredentials]">
      <![CDATA[java.lang.AssertionError: Both the url's did not match, so test failed expected [http://localhost/orangehrm/symfony/web/index.php/dashboard] but found [http://localhost/orangehrm/symfony/web/index.php/auth/validateCredentials]
at com.orangehrm.testcases.login.LT01_LoginPageTest.loginTest(LT01_LoginPageTest.java:49)
... Removed 31 stack frames]]>
    </failure>
  </testcase> <!-- loginTest -->
  <testcase classname="com.orangehrm.testcases.login.LT01_LoginPageTest" name="loginTest" time="1.641">
    <failure type="java.lang.AssertionError" message="Both the url&amp;apos;s did not match, so test failed expected [http://localhost/orangehrm/symfony/web/index.php/dashboard] but found [http://localhost/orangehrm/symfony/web/index.php/auth/validateCredentials]">
      <![CDATA[java.lang.AssertionError: Both the url's did not match, so test failed expected [http://localhost/orangehrm/symfony/web/index.php/dashboard] but found [http://localhost/orangehrm/symfony/web/index.php/auth/validateCredentials]
at com.orangehrm.testcases.login.LT01_LoginPageTest.loginTest(LT01_LoginPageTest.java:49)
... Removed 31 stack frames]]>
    </failure>
  </testcase> <!-- loginTest -->
  <testcase classname="com.orangehrm.testcases.login.LT01_LoginPageTest" name="loginTest" time="1.127">
    <failure type="java.lang.AssertionError" message="Both the url&amp;apos;s did not match, so test failed expected [http://localhost/orangehrm/symfony/web/index.php/dashboard] but found [http://localhost/orangehrm/symfony/web/index.php/auth/validateCredentials]">
      <![CDATA[java.lang.AssertionError: Both the url's did not match, so test failed expected [http://localhost/orangehrm/symfony/web/index.php/dashboard] but found [http://localhost/orangehrm/symfony/web/index.php/auth/validateCredentials]
at com.orangehrm.testcases.login.LT01_LoginPageTest.loginTest(LT01_LoginPageTest.java:49)
... Removed 31 stack frames]]>
    </failure>
  </testcase> <!-- loginTest -->
  <testcase classname="com.orangehrm.testcases.login.LT01_LoginPageTest" name="loginTest" time="0.284">
    <failure type="java.lang.AssertionError" message="Both the url&amp;apos;s did not match, so test failed expected [http://localhost/orangehrm/symfony/web/index.php/dashboard] but found [http://localhost/orangehrm/symfony/web/index.php/auth/login]">
      <![CDATA[java.lang.AssertionError: Both the url's did not match, so test failed expected [http://localhost/orangehrm/symfony/web/index.php/dashboard] but found [http://localhost/orangehrm/symfony/web/index.php/auth/login]
at com.orangehrm.testcases.login.LT01_LoginPageTest.loginTest(LT01_LoginPageTest.java:49)
... Removed 31 stack frames]]>
    </failure>
  </testcase> <!-- loginTest -->
  <testcase classname="com.orangehrm.testcases.login.LT01_LoginPageTest" name="loginTest" time="0.274">
    <failure type="java.lang.AssertionError" message="Both the url&amp;apos;s did not match, so test failed expected [http://localhost/orangehrm/symfony/web/index.php/dashboard] but found [http://localhost/orangehrm/symfony/web/index.php/auth/login]">
      <![CDATA[java.lang.AssertionError: Both the url's did not match, so test failed expected [http://localhost/orangehrm/symfony/web/index.php/dashboard] but found [http://localhost/orangehrm/symfony/web/index.php/auth/login]
at com.orangehrm.testcases.login.LT01_LoginPageTest.loginTest(LT01_LoginPageTest.java:49)
... Removed 31 stack frames]]>
    </failure>
  </testcase> <!-- loginTest -->
  <testcase classname="com.orangehrm.testcases.login.LT10_HomePageTest" name="adminTabTest" time="7.86"/>
</testsuite> <!-- Test -->
